<?xml version="1.0" encoding="UTF-8"?>
<testsuite name="com.virgingames.gamesinfo.GamesTest" time="6.503" tests="2" errors="0" skipped="0" failures="1">
  <properties>
[...]
</properties>
  <testcase name="test001" classname="com.virgingames.gamesinfo.GamesTest" time="6.18"/>
  <testcase name="test002" classname="com.virgingames.gamesinfo.GamesTest" time="0.323">
    <failure message="defaultGameFrequency has null value" type="java.lang.AssertionError">java.lang.AssertionError: defaultGameFrequency has null value
	at org.junit.Assert.fail(Assert.java:88)
	at org.junit.Assert.assertTrue(Assert.java:41)
	at org.junit.Assert.assertNotNull(Assert.java:712)
	at com.virgingames.gamesinfo.GamesTest.test002(GamesTest.java:59)
</failure>
    <system-out><![CDATA[Request method:	GET
Request URI:	https://www.virgingames.com/bingo/GetBingoLobbyFeed.do
Proxy:			<none>
Request params:	<none>
Query params:	<none>
Form params:	<none>
Path params:	<none>
Multiparts:		<none>
Headers:		Accept=*/*
Cookies:		<none>
Body:			<none>
HTTP/1.1 200 OK
Server: openresty/1.9.7.1
Date: Fri, 17 Jun 2022 23:07:12 GMT
Content-Type: text/plain;charset=UTF-8
Transfer-Encoding: chunked
Connection: keep-alive
Set-Cookie: LONG_LIFE_COOKIE=19c0ac08-35aa-45c0-bc9c-c0284961a423;Path=/;Expires=Sat, 17-Jun-2023 23:07:12 GMT;Domain=..; Secure
Expires: Thu, 01 Jan 1970 00:00:00 GMT
Access-Control-Allow-Credentials: true
Access-Control-Allow-Methods: GET, POST, PUT, DELETE, OPTIONS
Access-Control-Allow-Headers: Origin,Accept,Authorization,DNT,X-CustomHeader,Keep-Alive,User-Agent,X-Requested-With,If-Modified-Since,Cache-Control,Content-Type,Content-Range,Range
Access-Control-Expose-Headers: Origin,Accept,Authorization,DNT,X-CustomHeader,Keep-Alive,User-Agent,X-Requested-With,If-Modified-Since,Cache-Control,Content-Type,Content-Range,Range
Content-Encoding: gzip
set-cookie: vid=38dbd650-ee92-11ec-be20-411f2f5b4498; path=/; expires=Mon, 12 Jun 2023 23:07:12 GMT; domain=.virgingames.com; secure; httponly
set-cookie: wsid=38dbd650-ee92-11ec-be20-411f2f5b4498; path=/; domain=.virgingames.com; secure; httponly
Strict-Transport-Security: max-age=31536000

{"timestamp":1655507230298,"bingoLobbyInfoResource":{"ventureId":14,"website":null,"streams":[{"gameRef":119030110461,"streamId":194,"streamName":"Adventure","startTime":1655507400000,"superJackpot":null,"progressiveJackpot":{"1":1326.57,"2":1326.57,"3":1614.86,"4":13265.72},"fullHouse":{"1":1.66,"2":1.66,"3":2.49,"4":16.60},"lineAndFullHouseTotal":{"1":2.16,"2":2.16,"3":3.24,"4":21.58},"costPerCard":{"1":0.01,"2":0.01,"3":0.02,"4":0.10},"mustDropJackpot":null,"noPlayers":26,"linkBrandId":null,"defaultGameFrequency":300000,"jackpotLoading":false,"gameType":90,"minCards":1,"maxCards":120,"bingoMustDropLobbyInfoResource":null,"allWinner":false,"linkGame":false,"session":false},{"gameRef":119030110458,"streamId":190,"streamName":"Voyage","startTime":1655507400000,"superJackpot":null,"progressiveJackpot":{"1":4803.47,"2":4803.47,"3":7055.21,"4":48034.70},"fullHouse":{"1":23.31,"2":23.31,"3":34.97,"4":233.10},"lineAndFullHouseTotal":{"1":23.31,"2":23.31,"3":34.97,"4":233.10},"costPerCard":{"1":0.10,"2":0.10,"3":0.15,"4":1.00},"mustDropJackpot":null,"noPlayers":40,"linkBrandId":0,"defaultGameFrequency":300000,"jackpotLoading":false,"gameType":75,"minCards":1,"maxCards":100,"bingoMustDropLobbyInfoResource":null,"allWinner":false,"linkGame":true,"session":false},{"gameRef":0,"streamId":309,"streamName":"virgingamessession","startTime":1655542800000,"superJackpot":null,"progressiveJackpot":{"1":3220.80,"2":3220.80,"3":4831.20,"4":32207.99},"fullHouse":{"1":363.95,"2":363.95,"3":545.91,"4":3639.48},"lineAndFullHouseTotal":{"1":509.94,"2":509.94,"3":764.98,"4":5099.82},"costPerCard":{"1":5.00,"2":5.00,"3":7.50,"4":50.00},"mustDropJackpot":null,"noPlayers":135,"linkBrandId":0,"defaultGameFrequency":null,"jackpotLoading":false,"gameType":null,"minCards":null,"maxCards":null,"bingoMustDropLobbyInfoResource":null,"allWinner":false,"linkGame":true,"session":true},{"gameRef":119030110473,"streamId":193,"streamName":"Enterprise","startTime":1655507400000,"superJackpot":null,"progressiveJackpot":{"1":31.79,"2":31.79,"3":47.69,"4":317.90},"fullHouse":{"1":50.00,"2":50.00,"3":75.00,"4":500.00},"lineAndFullHouseTotal":{"1":70.01,"2":70.01,"3":105.01,"4":700.09},"costPerCard":{"1":0.10,"2":0.10,"3":0.15,"4":1.00},"mustDropJackpot":{"1":1020.87,"2":1020.87,"3":1531.31,"4":10208.70},"noPlayers":27,"linkBrandId":null,"defaultGameFrequency":300000,"jackpotLoading":false,"gameType":90,"minCards":1,"maxCards":60,"bingoMustDropLobbyInfoResource":{"nextBoostStartTime":0,"totalMiniWins":0,"maxiWinnersInfoResource":[{"memberName":null,"currencyCashAmountMap":{"1":2999.75,"2":2999.75,"3":4499.63,"4":29997.50}},{"memberName":null,"currencyCashAmountMap":{"1":3705.01,"2":3705.01,"3":5557.52,"4":37050.10}},{"memberName":null,"currencyCashAmountMap":{"1":2857.97,"2":2857.97,"3":4286.96,"4":28579.70}},{"memberName":null,"currencyCashAmountMap":{"1":4146.34,"2":4146.34,"3":6219.51,"4":41463.40}},{"memberName":null,"currencyCashAmountMap":{"1":2867.60,"2":2867.60,"3":4301.40,"4":28676.00}},{"memberName":null,"currencyCashAmountMap":{"1":2637.63,"2":2637.63,"3":3956.45,"4":26376.30}},{"memberName":null,"currencyCashAmountMap":{"1":3231.30,"2":3231.30,"3":4846.95,"4":32313.00}}],"miniWinnersInfoResource":null,"miniBoosted":false},"allWinner":true,"linkGame":false,"session":false},{"gameRef":119030113537,"streamId":1253,"streamName":"BloxBingoVirgin","startTime":1655535600000,"superJackpot":{"1":15000.00,"2":15000.00,"3":22500.00,"4":150000.00},"progressiveJackpot":null,"fullHouse":{"1":350.00,"2":350.00,"3":525.00,"4":3499.99},"lineAndFullHouseTotal":{"1":495.08,"2":495.08,"3":742.61,"4":4950.70},"costPerCard":{"1":0.25,"2":0.25,"3":0.38,"4":2.50},"mustDropJackpot":null,"noPlayers":19,"linkBrandId":1,"defaultGameFrequency":300000,"jackpotLoading":false,"gameType":90,"minCards":1,"maxCards":60,"bingoMustDropLobbyInfoResource":null,"allWinner":false,"linkGame":true,"session":false},{"gameRef":119030113073,"streamId":1256,"streamName":"CrystalMazeVirgin","startTime":1655532000000,"superJackpot":{"1":15000.00,"2":15000.00,"3":22500.00,"4":150000.00},"progressiveJackpot":null,"fullHouse":{"1":350.00,"2":350.00,"3":525.00,"4":3499.99},"lineAndFullHouseTotal":{"1":495.08,"2":495.08,"3":742.61,"4":4950.70},"costPerCard":{"1":0.25,"2":0.25,"3":0.38,"4":2.50},"mustDropJackpot":null,"noPlayers":24,"linkBrandId":1,"defaultGameFrequency":300000,"jackpotLoading":false,"gameType":90,"minCards":1,"maxCards":60,"bingoMustDropLobbyInfoResource":null,"allWinner":false,"linkGame":true,"session":false},{"gameRef":119030110453,"streamId":1257,"streamName":"SuperlinksVirgin","startTime":1655507400000,"superJackpot":{"1":5000.00,"2":5000.00,"3":7500.00,"4":50000.00},"progressiveJackpot":null,"fullHouse":{"1":50.02,"2":50.02,"3":75.03,"4":500.22},"lineAndFullHouseTotal":{"1":70.73,"2":70.73,"3":106.10,"4":707.36},"costPerCard":{"1":0.10,"2":0.10,"3":0.15,"4":1.00},"mustDropJackpot":null,"noPlayers":33,"linkBrandId":1,"defaultGameFrequency":300000,"jackpotLoading":false,"gameType":90,"minCards":1,"maxCards":60,"bingoMustDropLobbyInfoResource":null,"allWinner":false,"linkGame":true,"session":false},{"gameRef":119030119909,"streamId":1585,"streamName":"all_winners_vgn_daily","startTime":1655581500000,"superJackpot":null,"progressiveJackpot":null,"fullHouse":{"1":150.00,"2":150.00,"3":225.00,"4":1500.00},"lineAndFullHouseTotal":{"1":500.00,"2":500.00,"3":750.00,"4":5000.00},"costPerCard":{"1":0.00,"2":0.00,"3":0.00,"4":0.00},"mustDropJackpot":null,"noPlayers":0,"linkBrandId":0,"defaultGameFrequency":300000,"jackpotLoading":false,"gameType":90,"minCards":1,"maxCards":null,"bingoMustDropLobbyInfoResource":null,"allWinner":false,"linkGame":true,"session":false},{"gameRef":119030062291,"streamId":1586,"streamName":"all_winners_vgn_weekly","startTime":1655669700000,"superJackpot":null,"progressiveJackpot":null,"fullHouse":{"1":125.00,"2":125.00,"3":187.50,"4":1250.02},"lineAndFullHouseTotal":{"1":5000.00,"2":5000.00,"3":7500.00,"4":50000.12},"costPerCard":{"1":0.00,"2":0.00,"3":0.00,"4":0.00},"mustDropJackpot":null,"noPlayers":0,"linkBrandId":0,"defaultGameFrequency":300000,"jackpotLoading":false,"gameType":90,"minCards":1,"maxCards":null,"bingoMustDropLobbyInfoResource":null,"allWinner":false,"linkGame":true,"session":false},{"gameRef":119030110455,"streamId":2641,"streamName":"BubbleUpBingoVGN","startTime":1655507400000,"superJackpot":null,"progressiveJackpot":{"1":2984.57,"2":2984.57,"3":4476.86,"4":29895.70},"fullHouse":{"1":50.00,"2":50.00,"3":75.00,"4":500.00},"lineAndFullHouseTotal":{"1":70.51,"2":70.51,"3":105.76,"4":705.10},"costPerCard":{"1":0.10,"2":0.10,"3":0.15,"4":1.00},"mustDropJackpot":null,"noPlayers":108,"linkBrandId":0,"defaultGameFrequency":300000,"jackpotLoading":false,"gameType":90,"minCards":1,"maxCards":12,"bingoMustDropLobbyInfoResource":null,"allWinner":false,"linkGame":true,"session":false}]}}
Default time : >>[300000, 300000, null, 300000, 300000, 300000, 300000, 300000, 300000, 300000]
]]></system-out>
    <system-err><![CDATA[7725 [main] INFO net.serenitybdd.core.Serenity - 
        __    _____ _____ ____ _____   ____   _    ____  ____  _____ ____  
  _     \ \  |_   _| ____/ ___|_   _| |  _ \ / \  / ___|/ ___|| ____|  _ \ 
 (_)_____| |   | | |  _| \___ \ | |   | |_) / _ \ \___ \\___ \|  _| | | | |
  _|_____| |   | | | |___ ___) || |   |  __/ ___ \ ___) |___) | |___| |_| |
 (_)     | |   |_| |_____|____/ |_|   |_| /_/   \_\____/|____/|_____|____/ 
        /_/                                                                

TEST PASSED: This test will verify startTime should always be a future timestamp
----------------------------------------------------------------------------
7893 [main] INFO net.serenitybdd.core.Serenity - 
 _____ _____ ____ _____   ____ _____  _    ____ _____ _____ ____  
|_   _| ____/ ___|_   _| / ___|_   _|/ \  |  _ \_   _| ____|  _ \ 
  | | |  _| \___ \ | |   \___ \ | | / _ \ | |_) || | |  _| | | | |
  | | | |___ ___) || |    ___) || |/ ___ \|  _ < | | | |___| |_| |
  |_| |_____|____/ |_|   |____/ |_/_/   \_\_| \_\|_| |_____|____/ 
                                                                  

TEST STARTED: test002
-------------------------------------------------------------------
7893 [main] INFO net.serenitybdd.core.Serenity - TEST NUMBER: 2
]]></system-err>
  </testcase>
</testsuite>